<?xml version="1.0" encoding="UTF-8"?>
<testng-results ignored="0" total="2" passed="2" failed="0" skipped="0">
  <reporter-output>
  </reporter-output>
  <suite started-at="2022-08-10T05:25:05 IST" name="tests.Test1" finished-at="2022-08-10T05:25:05 IST" duration-ms="48">
    <groups>
    </groups>
    <test started-at="2022-08-10T05:25:05 IST" name="Command line test" finished-at="2022-08-10T05:25:05 IST" duration-ms="48">
      <class name="tests.Test1">
        <test-method signature="ForeignPlayersTest()[pri:0, instance:tests.Test1@17695df3]" started-at="2022-08-10T05:25:05 IST" name="ForeignPlayersTest" finished-at="2022-08-10T05:25:05 IST" duration-ms="11" status="PASS">
          <reporter-output>
          </reporter-output>
        </test-method> <!-- ForeignPlayersTest -->
        <test-method signature="HasWicketKeeperTest()[pri:0, instance:tests.Test1@17695df3]" started-at="2022-08-10T05:25:05 IST" name="HasWicketKeeperTest" finished-at="2022-08-10T05:25:05 IST" duration-ms="1" status="PASS">
          <reporter-output>
          </reporter-output>
        </test-method> <!-- HasWicketKeeperTest -->
      </class> <!-- tests.Test1 -->
    </test> <!-- Command line test -->
  </suite> <!-- tests.Test1 -->
</testng-results>
